<?xml version="1.0" encoding="UTF-8"?>
<!-- Generated by org.testng.reporters.JUnitReportReporter -->
<testsuite hostname="lkottha" failures="0" tests="2" name="testngExample.TestNG_Examples" time="0.007" errors="0" timestamp="2023-08-21T18:26:59 IST" skipped="0">
  <testcase classname="testngExample.TestNG_Examples" name="login" time="0.006"/>
  <testcase classname="testngExample.TestNG_Examples" name="logout" time="0.001"/>
</testsuite> <!-- testngExample.TestNG_Examples -->
