<?xml version="1.0" encoding="UTF-8"?>
<!-- Generated by org.testng.reporters.JUnitReportReporter -->
<testsuite hostname="lkottha" failures="0" tests="1" name="Com_hrms_lib.TestNG1" time="0.005" errors="0" timestamp="2023-08-21T19:33:01 IST" skipped="0">
  <testcase classname="Com_hrms_lib.TestNG1" name="login" time="0.005"/>
</testsuite> <!-- Com_hrms_lib.TestNG1 -->
