<?xml version="1.0" encoding="UTF-8"?>
<!-- Generated by org.testng.reporters.JUnitReportReporter -->
<testsuite hostname="lkottha" failures="0" tests="2" name="Com_hrms_lib.Tng_method" time="0.006" errors="0" timestamp="2023-08-21T19:58:22 IST" skipped="0">
  <testcase classname="Com_hrms_lib.Tng_method" name="deleemp" time="0.004"/>
  <testcase classname="Com_hrms_lib.Tng_method" name="addmp" time="0.002"/>
</testsuite> <!-- Com_hrms_lib.Tng_method -->
