<?xml version="1.0" encoding="UTF-8"?>
<!-- Generated by org.testng.reporters.JUnitReportReporter -->
<testsuite hostname="lkottha" failures="0" tests="2" name="testngExample.TestNg_login" time="0.008" errors="0" timestamp="2023-08-21T18:26:42 IST" skipped="0">
  <testcase classname="testngExample.TestNg_login" name="login" time="0.007"/>
  <testcase classname="testngExample.TestNg_login" name="logout" time="0.001"/>
</testsuite> <!-- testngExample.TestNg_login -->
