<?xml version="1.0" encoding="UTF-8"?>
<!-- Generated by org.testng.reporters.JUnitReportReporter -->
<testsuite hostname="lkottha" failures="0" tests="4" name="testngExample.Login_TN" time="0.012" errors="0" timestamp="2023-08-21T19:33:46 IST" skipped="0">
  <testcase classname="testngExample.Login_TN" name="deleteEmployee" time="0.001"/>
  <testcase classname="testngExample.Login_TN" name="login" time="0.001"/>
  <testcase classname="testngExample.Login_TN" name="addEmployee" time="0.009"/>
  <testcase classname="testngExample.Login_TN" name="logout" time="0.001"/>
</testsuite> <!-- testngExample.Login_TN -->
